2025-09-08 17:28:28.769 WARNING (Recorder) [homeassistant.components.recorder.util] The system could not validate that the sqlite3 database at //config/home-assistant_v2.db was shutdown cleanly
2025-09-08 17:28:28.789 WARNING (Recorder) [homeassistant.components.recorder.util] Ended unfinished session (id=131 from 2025-09-04 16:40:57.948732)
2025-09-08 17:28:31.990 ERROR (MainThread) [homeassistant.components.automation] Automation with alias 'Activar Riego Baño' failed to setup triggers and has been disabled: Unknown device '79d1705b3d6e308b4b836b9ec9c8a55a'
2025-09-08 17:28:31.991 ERROR (MainThread) [homeassistant.components.automation] Automation with alias 'Encender lampara baño' failed to setup triggers and has been disabled: Unknown device 'b705d381454aec23f4cb399eb7bf8af9'
2025-09-08 17:28:31.991 ERROR (MainThread) [homeassistant.components.automation] Automation with alias 'Activar riego dormitorio' failed to setup triggers and has been disabled: Unknown device '64521fc242d14b2cae28c6e36d2a3b33'
2025-09-08 17:28:31.991 ERROR (MainThread) [homeassistant.components.automation] Automation with alias 'Encender lampara dormitorio' failed to setup triggers and has been disabled: Unknown device 'a8d21fe1f45e0c01dc3ba4556aa08574'
2025-09-08 17:28:31.991 ERROR (MainThread) [homeassistant.components.automation] Automation with alias 'Activar riego salon' failed to setup triggers and has been disabled: Unknown device '412948c217bf86d0681f3f5bc3972659'
2025-09-08 17:28:31.992 ERROR (MainThread) [homeassistant.components.automation] Automation with alias 'Encender lampara salon' failed to setup triggers and has been disabled: Unknown device '459aeb412c9d7ab5c451a0512e1da9ec'
2025-09-08 17:28:31.992 ERROR (MainThread) [homeassistant.components.automation] Automation with alias 'Activar riego terraza' failed to setup triggers and has been disabled: Unknown device '32784234b48140ed076308d85bd6809a'
2025-09-08 17:28:31.992 ERROR (MainThread) [homeassistant.components.automation] Automation with alias 'Desactivar riego baño' failed to setup triggers and has been disabled: Unknown device '79d1705b3d6e308b4b836b9ec9c8a55a'
2025-09-08 17:28:31.992 ERROR (MainThread) [homeassistant.components.automation] Automation with alias 'Apagar lampara baño' failed to setup triggers and has been disabled: Unknown device 'b705d381454aec23f4cb399eb7bf8af9'
2025-09-08 17:28:31.993 ERROR (MainThread) [homeassistant.components.automation] Automation with alias 'Desactivar riego dormitorio' failed to setup triggers and has been disabled: Unknown device '64521fc242d14b2cae28c6e36d2a3b33'
2025-09-08 17:28:31.993 ERROR (MainThread) [homeassistant.components.automation] Automation with alias 'Apagar lampara dormitorio' failed to setup triggers and has been disabled: Unknown device 'a8d21fe1f45e0c01dc3ba4556aa08574'
2025-09-08 17:28:31.993 ERROR (MainThread) [homeassistant.components.automation] Automation with alias 'Desactivar riego salon' failed to setup triggers and has been disabled: Unknown device '412948c217bf86d0681f3f5bc3972659'
2025-09-08 17:28:31.993 ERROR (MainThread) [homeassistant.components.automation] Automation with alias 'Apagar lampara salon' failed to setup triggers and has been disabled: Unknown device '459aeb412c9d7ab5c451a0512e1da9ec'
2025-09-08 17:28:31.993 ERROR (MainThread) [homeassistant.components.automation] Automation with alias 'Desactivar riego terraza' failed to setup triggers and has been disabled: Unknown device '32784234b48140ed076308d85bd6809a'
2025-09-08 17:28:32.058 ERROR (MainThread) [homeassistant.components.mqtt.client] Failed to connect to MQTT server due to exception: [Errno 111] Connection refused
2025-09-10 09:29:15.205 ERROR (MainThread) [homeassistant.components.automation] Automation with alias 'Encender lampara baño' failed to setup triggers and has been disabled: Unknown device 'b705d381454aec23f4cb399eb7bf8af9'
2025-09-10 09:29:15.208 ERROR (MainThread) [homeassistant.components.automation] Automation with alias 'Activar riego dormitorio' failed to setup triggers and has been disabled: Unknown device '64521fc242d14b2cae28c6e36d2a3b33'
2025-09-10 09:29:15.208 ERROR (MainThread) [homeassistant.components.automation] Automation with alias 'Encender lampara dormitorio' failed to setup triggers and has been disabled: Unknown device 'a8d21fe1f45e0c01dc3ba4556aa08574'
2025-09-10 09:29:15.208 ERROR (MainThread) [homeassistant.components.automation] Automation with alias 'Activar riego salon' failed to setup triggers and has been disabled: Unknown device '412948c217bf86d0681f3f5bc3972659'
2025-09-10 09:29:15.209 ERROR (MainThread) [homeassistant.components.automation] Automation with alias 'Encender lampara salon' failed to setup triggers and has been disabled: Unknown device '459aeb412c9d7ab5c451a0512e1da9ec'
2025-09-10 09:29:15.209 ERROR (MainThread) [homeassistant.components.automation] Automation with alias 'Activar riego terraza' failed to setup triggers and has been disabled: Unknown device '32784234b48140ed076308d85bd6809a'
2025-09-10 09:29:15.210 ERROR (MainThread) [homeassistant.components.automation] Automation with alias 'Desactivar riego baño' failed to setup triggers and has been disabled: Unknown device '79d1705b3d6e308b4b836b9ec9c8a55a'
2025-09-10 09:29:15.210 ERROR (MainThread) [homeassistant.components.automation] Automation with alias 'Apagar lampara baño' failed to setup triggers and has been disabled: Unknown device 'b705d381454aec23f4cb399eb7bf8af9'
2025-09-10 09:29:15.210 ERROR (MainThread) [homeassistant.components.automation] Automation with alias 'Desactivar riego dormitorio' failed to setup triggers and has been disabled: Unknown device '64521fc242d14b2cae28c6e36d2a3b33'
2025-09-10 09:29:15.210 ERROR (MainThread) [homeassistant.components.automation] Automation with alias 'Apagar lampara dormitorio' failed to setup triggers and has been disabled: Unknown device 'a8d21fe1f45e0c01dc3ba4556aa08574'
2025-09-10 09:29:15.211 ERROR (MainThread) [homeassistant.components.automation] Automation with alias 'Desactivar riego salon' failed to setup triggers and has been disabled: Unknown device '412948c217bf86d0681f3f5bc3972659'
2025-09-10 09:29:15.211 ERROR (MainThread) [homeassistant.components.automation] Automation with alias 'Apagar lampara salon' failed to setup triggers and has been disabled: Unknown device '459aeb412c9d7ab5c451a0512e1da9ec'
2025-09-10 09:29:15.212 ERROR (MainThread) [homeassistant.components.automation] Automation with alias 'Desactivar riego terraza' failed to setup triggers and has been disabled: Unknown device '32784234b48140ed076308d85bd6809a'
2025-09-10 09:30:21.326 ERROR (MainThread) [homeassistant.components.automation] Automation with alias 'Activar riego dormitorio' failed to setup triggers and has been disabled: Unknown device '64521fc242d14b2cae28c6e36d2a3b33'
2025-09-10 09:30:21.327 ERROR (MainThread) [homeassistant.components.automation] Automation with alias 'Encender lampara dormitorio' failed to setup triggers and has been disabled: Unknown device 'a8d21fe1f45e0c01dc3ba4556aa08574'
2025-09-10 09:30:21.327 ERROR (MainThread) [homeassistant.components.automation] Automation with alias 'Activar riego salon' failed to setup triggers and has been disabled: Unknown device '412948c217bf86d0681f3f5bc3972659'
2025-09-10 09:30:21.327 ERROR (MainThread) [homeassistant.components.automation] Automation with alias 'Encender lampara salon' failed to setup triggers and has been disabled: Unknown device '459aeb412c9d7ab5c451a0512e1da9ec'
2025-09-10 09:30:21.328 ERROR (MainThread) [homeassistant.components.automation] Automation with alias 'Activar riego terraza' failed to setup triggers and has been disabled: Unknown device '32784234b48140ed076308d85bd6809a'
2025-09-10 09:30:21.328 ERROR (MainThread) [homeassistant.components.automation] Automation with alias 'Desactivar riego baño' failed to setup triggers and has been disabled: Unknown device '79d1705b3d6e308b4b836b9ec9c8a55a'
2025-09-10 09:30:21.328 ERROR (MainThread) [homeassistant.components.automation] Automation with alias 'Apagar lampara baño' failed to setup triggers and has been disabled: Unknown device 'b705d381454aec23f4cb399eb7bf8af9'
2025-09-10 09:30:21.328 ERROR (MainThread) [homeassistant.components.automation] Automation with alias 'Desactivar riego dormitorio' failed to setup triggers and has been disabled: Unknown device '64521fc242d14b2cae28c6e36d2a3b33'
2025-09-10 09:30:21.329 ERROR (MainThread) [homeassistant.components.automation] Automation with alias 'Apagar lampara dormitorio' failed to setup triggers and has been disabled: Unknown device 'a8d21fe1f45e0c01dc3ba4556aa08574'
2025-09-10 09:30:21.329 ERROR (MainThread) [homeassistant.components.automation] Automation with alias 'Desactivar riego salon' failed to setup triggers and has been disabled: Unknown device '412948c217bf86d0681f3f5bc3972659'
2025-09-10 09:30:21.329 ERROR (MainThread) [homeassistant.components.automation] Automation with alias 'Apagar lampara salon' failed to setup triggers and has been disabled: Unknown device '459aeb412c9d7ab5c451a0512e1da9ec'
2025-09-10 09:30:21.329 ERROR (MainThread) [homeassistant.components.automation] Automation with alias 'Desactivar riego terraza' failed to setup triggers and has been disabled: Unknown device '32784234b48140ed076308d85bd6809a'
2025-09-10 09:31:14.492 ERROR (MainThread) [homeassistant.components.automation] Automation with alias 'Activar riego dormitorio' failed to setup triggers and has been disabled: Unknown device '64521fc242d14b2cae28c6e36d2a3b33'
2025-09-10 09:31:14.493 ERROR (MainThread) [homeassistant.components.automation] Automation with alias 'Encender lampara dormitorio' failed to setup triggers and has been disabled: Unknown device 'a8d21fe1f45e0c01dc3ba4556aa08574'
2025-09-10 09:31:14.493 ERROR (MainThread) [homeassistant.components.automation] Automation with alias 'Activar riego salon' failed to setup triggers and has been disabled: Unknown device '412948c217bf86d0681f3f5bc3972659'
2025-09-10 09:31:14.493 ERROR (MainThread) [homeassistant.components.automation] Automation with alias 'Encender lampara salon' failed to setup triggers and has been disabled: Unknown device '459aeb412c9d7ab5c451a0512e1da9ec'
2025-09-10 09:31:14.494 ERROR (MainThread) [homeassistant.components.automation] Automation with alias 'Activar riego terraza' failed to setup triggers and has been disabled: Unknown device '32784234b48140ed076308d85bd6809a'
2025-09-10 09:31:14.494 ERROR (MainThread) [homeassistant.components.automation] Automation with alias 'Apagar lampara baño' failed to setup triggers and has been disabled: Unknown device 'b705d381454aec23f4cb399eb7bf8af9'
2025-09-10 09:31:14.494 ERROR (MainThread) [homeassistant.components.automation] Automation with alias 'Desactivar riego dormitorio' failed to setup triggers and has been disabled: Unknown device '64521fc242d14b2cae28c6e36d2a3b33'
2025-09-10 09:31:14.495 ERROR (MainThread) [homeassistant.components.automation] Automation with alias 'Apagar lampara dormitorio' failed to setup triggers and has been disabled: Unknown device 'a8d21fe1f45e0c01dc3ba4556aa08574'
2025-09-10 09:31:14.495 ERROR (MainThread) [homeassistant.components.automation] Automation with alias 'Desactivar riego salon' failed to setup triggers and has been disabled: Unknown device '412948c217bf86d0681f3f5bc3972659'
2025-09-10 09:31:14.495 ERROR (MainThread) [homeassistant.components.automation] Automation with alias 'Apagar lampara salon' failed to setup triggers and has been disabled: Unknown device '459aeb412c9d7ab5c451a0512e1da9ec'
2025-09-10 09:31:14.495 ERROR (MainThread) [homeassistant.components.automation] Automation with alias 'Desactivar riego terraza' failed to setup triggers and has been disabled: Unknown device '32784234b48140ed076308d85bd6809a'
2025-09-10 09:31:45.342 ERROR (MainThread) [homeassistant.components.automation] Automation with alias 'Activar riego dormitorio' failed to setup triggers and has been disabled: Unknown device '64521fc242d14b2cae28c6e36d2a3b33'
2025-09-10 09:31:45.342 ERROR (MainThread) [homeassistant.components.automation] Automation with alias 'Encender lampara dormitorio' failed to setup triggers and has been disabled: Unknown device 'a8d21fe1f45e0c01dc3ba4556aa08574'
2025-09-10 09:31:45.342 ERROR (MainThread) [homeassistant.components.automation] Automation with alias 'Activar riego salon' failed to setup triggers and has been disabled: Unknown device '412948c217bf86d0681f3f5bc3972659'
2025-09-10 09:31:45.343 ERROR (MainThread) [homeassistant.components.automation] Automation with alias 'Encender lampara salon' failed to setup triggers and has been disabled: Unknown device '459aeb412c9d7ab5c451a0512e1da9ec'
2025-09-10 09:31:45.343 ERROR (MainThread) [homeassistant.components.automation] Automation with alias 'Activar riego terraza' failed to setup triggers and has been disabled: Unknown device '32784234b48140ed076308d85bd6809a'
2025-09-10 09:31:45.344 ERROR (MainThread) [homeassistant.components.automation] Automation with alias 'Desactivar riego dormitorio' failed to setup triggers and has been disabled: Unknown device '64521fc242d14b2cae28c6e36d2a3b33'
2025-09-10 09:31:45.344 ERROR (MainThread) [homeassistant.components.automation] Automation with alias 'Apagar lampara dormitorio' failed to setup triggers and has been disabled: Unknown device 'a8d21fe1f45e0c01dc3ba4556aa08574'
2025-09-10 09:31:45.345 ERROR (MainThread) [homeassistant.components.automation] Automation with alias 'Desactivar riego salon' failed to setup triggers and has been disabled: Unknown device '412948c217bf86d0681f3f5bc3972659'
2025-09-10 09:31:45.345 ERROR (MainThread) [homeassistant.components.automation] Automation with alias 'Apagar lampara salon' failed to setup triggers and has been disabled: Unknown device '459aeb412c9d7ab5c451a0512e1da9ec'
2025-09-10 09:31:45.345 ERROR (MainThread) [homeassistant.components.automation] Automation with alias 'Desactivar riego terraza' failed to setup triggers and has been disabled: Unknown device '32784234b48140ed076308d85bd6809a'
2025-09-10 09:33:27.218 ERROR (MainThread) [homeassistant.components.automation] Automation with alias 'Encender lampara dormitorio' failed to setup triggers and has been disabled: Unknown device 'a8d21fe1f45e0c01dc3ba4556aa08574'
2025-09-10 09:33:27.218 ERROR (MainThread) [homeassistant.components.automation] Automation with alias 'Activar riego salon' failed to setup triggers and has been disabled: Unknown device '412948c217bf86d0681f3f5bc3972659'
2025-09-10 09:33:27.219 ERROR (MainThread) [homeassistant.components.automation] Automation with alias 'Encender lampara salon' failed to setup triggers and has been disabled: Unknown device '459aeb412c9d7ab5c451a0512e1da9ec'
2025-09-10 09:33:27.219 ERROR (MainThread) [homeassistant.components.automation] Automation with alias 'Activar riego terraza' failed to setup triggers and has been disabled: Unknown device '32784234b48140ed076308d85bd6809a'
2025-09-10 09:33:27.220 ERROR (MainThread) [homeassistant.components.automation] Automation with alias 'Desactivar riego dormitorio' failed to setup triggers and has been disabled: Unknown device '64521fc242d14b2cae28c6e36d2a3b33'
2025-09-10 09:33:27.220 ERROR (MainThread) [homeassistant.components.automation] Automation with alias 'Apagar lampara dormitorio' failed to setup triggers and has been disabled: Unknown device 'a8d21fe1f45e0c01dc3ba4556aa08574'
2025-09-10 09:33:27.220 ERROR (MainThread) [homeassistant.components.automation] Automation with alias 'Desactivar riego salon' failed to setup triggers and has been disabled: Unknown device '412948c217bf86d0681f3f5bc3972659'
2025-09-10 09:33:27.220 ERROR (MainThread) [homeassistant.components.automation] Automation with alias 'Apagar lampara salon' failed to setup triggers and has been disabled: Unknown device '459aeb412c9d7ab5c451a0512e1da9ec'
2025-09-10 09:33:27.221 ERROR (MainThread) [homeassistant.components.automation] Automation with alias 'Desactivar riego terraza' failed to setup triggers and has been disabled: Unknown device '32784234b48140ed076308d85bd6809a'
2025-09-10 09:34:22.837 ERROR (MainThread) [homeassistant.components.automation] Automation with alias 'Activar riego salon' failed to setup triggers and has been disabled: Unknown device '412948c217bf86d0681f3f5bc3972659'
2025-09-10 09:34:22.838 ERROR (MainThread) [homeassistant.components.automation] Automation with alias 'Encender lampara salon' failed to setup triggers and has been disabled: Unknown device '459aeb412c9d7ab5c451a0512e1da9ec'
2025-09-10 09:34:22.838 ERROR (MainThread) [homeassistant.components.automation] Automation with alias 'Activar riego terraza' failed to setup triggers and has been disabled: Unknown device '32784234b48140ed076308d85bd6809a'
2025-09-10 09:34:22.839 ERROR (MainThread) [homeassistant.components.automation] Automation with alias 'Desactivar riego dormitorio' failed to setup triggers and has been disabled: Unknown device '64521fc242d14b2cae28c6e36d2a3b33'
2025-09-10 09:34:22.839 ERROR (MainThread) [homeassistant.components.automation] Automation with alias 'Apagar lampara dormitorio' failed to setup triggers and has been disabled: Unknown device 'a8d21fe1f45e0c01dc3ba4556aa08574'
2025-09-10 09:34:22.839 ERROR (MainThread) [homeassistant.components.automation] Automation with alias 'Desactivar riego salon' failed to setup triggers and has been disabled: Unknown device '412948c217bf86d0681f3f5bc3972659'
2025-09-10 09:34:22.840 ERROR (MainThread) [homeassistant.components.automation] Automation with alias 'Apagar lampara salon' failed to setup triggers and has been disabled: Unknown device '459aeb412c9d7ab5c451a0512e1da9ec'
2025-09-10 09:34:22.840 ERROR (MainThread) [homeassistant.components.automation] Automation with alias 'Desactivar riego terraza' failed to setup triggers and has been disabled: Unknown device '32784234b48140ed076308d85bd6809a'
2025-09-10 09:36:54.393 ERROR (MainThread) [homeassistant.components.automation] Automation with alias 'Activar riego salon' failed to setup triggers and has been disabled: Unknown device '412948c217bf86d0681f3f5bc3972659'
2025-09-10 09:36:54.393 ERROR (MainThread) [homeassistant.components.automation] Automation with alias 'Encender lampara salon' failed to setup triggers and has been disabled: Unknown device '459aeb412c9d7ab5c451a0512e1da9ec'
2025-09-10 09:36:54.394 ERROR (MainThread) [homeassistant.components.automation] Automation with alias 'Activar riego terraza' failed to setup triggers and has been disabled: Unknown device '32784234b48140ed076308d85bd6809a'
2025-09-10 09:36:54.395 ERROR (MainThread) [homeassistant.components.automation] Automation with alias 'Apagar lampara dormitorio' failed to setup triggers and has been disabled: Unknown device 'a8d21fe1f45e0c01dc3ba4556aa08574'
2025-09-10 09:36:54.395 ERROR (MainThread) [homeassistant.components.automation] Automation with alias 'Desactivar riego salon' failed to setup triggers and has been disabled: Unknown device '412948c217bf86d0681f3f5bc3972659'
2025-09-10 09:36:54.395 ERROR (MainThread) [homeassistant.components.automation] Automation with alias 'Apagar lampara salon' failed to setup triggers and has been disabled: Unknown device '459aeb412c9d7ab5c451a0512e1da9ec'
2025-09-10 09:36:54.396 ERROR (MainThread) [homeassistant.components.automation] Automation with alias 'Desactivar riego terraza' failed to setup triggers and has been disabled: Unknown device '32784234b48140ed076308d85bd6809a'
2025-09-10 09:37:19.476 ERROR (MainThread) [homeassistant.components.automation] Automation with alias 'Activar riego salon' failed to setup triggers and has been disabled: Unknown device '412948c217bf86d0681f3f5bc3972659'
2025-09-10 09:37:19.476 ERROR (MainThread) [homeassistant.components.automation] Automation with alias 'Encender lampara salon' failed to setup triggers and has been disabled: Unknown device '459aeb412c9d7ab5c451a0512e1da9ec'
2025-09-10 09:37:19.477 ERROR (MainThread) [homeassistant.components.automation] Automation with alias 'Activar riego terraza' failed to setup triggers and has been disabled: Unknown device '32784234b48140ed076308d85bd6809a'
2025-09-10 09:37:19.478 ERROR (MainThread) [homeassistant.components.automation] Automation with alias 'Desactivar riego salon' failed to setup triggers and has been disabled: Unknown device '412948c217bf86d0681f3f5bc3972659'
2025-09-10 09:37:19.478 ERROR (MainThread) [homeassistant.components.automation] Automation with alias 'Apagar lampara salon' failed to setup triggers and has been disabled: Unknown device '459aeb412c9d7ab5c451a0512e1da9ec'
2025-09-10 09:37:19.478 ERROR (MainThread) [homeassistant.components.automation] Automation with alias 'Desactivar riego terraza' failed to setup triggers and has been disabled: Unknown device '32784234b48140ed076308d85bd6809a'
2025-09-10 09:46:46.775 ERROR (MainThread) [homeassistant.components.automation] Automation with alias 'Encender lampara salon' failed to setup triggers and has been disabled: Unknown device '459aeb412c9d7ab5c451a0512e1da9ec'
2025-09-10 09:46:46.776 ERROR (MainThread) [homeassistant.components.automation] Automation with alias 'Activar riego terraza' failed to setup triggers and has been disabled: Unknown device '32784234b48140ed076308d85bd6809a'
2025-09-10 09:46:46.777 ERROR (MainThread) [homeassistant.components.automation] Automation with alias 'Desactivar riego salon' failed to setup triggers and has been disabled: Unknown device '412948c217bf86d0681f3f5bc3972659'
2025-09-10 09:46:46.778 ERROR (MainThread) [homeassistant.components.automation] Automation with alias 'Apagar lampara salon' failed to setup triggers and has been disabled: Unknown device '459aeb412c9d7ab5c451a0512e1da9ec'
2025-09-10 09:46:46.778 ERROR (MainThread) [homeassistant.components.automation] Automation with alias 'Desactivar riego terraza' failed to setup triggers and has been disabled: Unknown device '32784234b48140ed076308d85bd6809a'
2025-09-10 09:47:10.908 ERROR (MainThread) [homeassistant.components.automation] Automation with alias 'Activar riego terraza' failed to setup triggers and has been disabled: Unknown device '32784234b48140ed076308d85bd6809a'
2025-09-10 09:47:10.909 ERROR (MainThread) [homeassistant.components.automation] Automation with alias 'Desactivar riego salon' failed to setup triggers and has been disabled: Unknown device '412948c217bf86d0681f3f5bc3972659'
2025-09-10 09:47:10.909 ERROR (MainThread) [homeassistant.components.automation] Automation with alias 'Apagar lampara salon' failed to setup triggers and has been disabled: Unknown device '459aeb412c9d7ab5c451a0512e1da9ec'
2025-09-10 09:47:10.909 ERROR (MainThread) [homeassistant.components.automation] Automation with alias 'Desactivar riego terraza' failed to setup triggers and has been disabled: Unknown device '32784234b48140ed076308d85bd6809a'
2025-09-10 09:50:52.640 ERROR (MainThread) [homeassistant.components.automation] Automation with alias 'Activar riego terraza' failed to setup triggers and has been disabled: Unknown device '32784234b48140ed076308d85bd6809a'
2025-09-10 09:50:52.642 ERROR (MainThread) [homeassistant.components.automation] Automation with alias 'Apagar lampara salon' failed to setup triggers and has been disabled: Unknown device '459aeb412c9d7ab5c451a0512e1da9ec'
2025-09-10 09:50:52.642 ERROR (MainThread) [homeassistant.components.automation] Automation with alias 'Desactivar riego terraza' failed to setup triggers and has been disabled: Unknown device '32784234b48140ed076308d85bd6809a'
2025-09-10 09:51:22.305 ERROR (MainThread) [homeassistant.components.automation] Automation with alias 'Activar riego terraza' failed to setup triggers and has been disabled: Unknown device '32784234b48140ed076308d85bd6809a'
2025-09-10 09:51:22.307 ERROR (MainThread) [homeassistant.components.automation] Automation with alias 'Desactivar riego terraza' failed to setup triggers and has been disabled: Unknown device '32784234b48140ed076308d85bd6809a'
2025-09-10 09:52:17.204 ERROR (MainThread) [homeassistant.components.automation] Automation with alias 'Desactivar riego terraza' failed to setup triggers and has been disabled: Unknown device '32784234b48140ed076308d85bd6809a'
